<?xml version="1.0" encoding="UTF-8"?>
<!-- Generated by org.testng.reporters.JUnitReportReporter -->
<testsuite hostname="Valliani" name="testcases.VerifyHomepage" tests="1" failures="0" timestamp="10 Jan 2018 19:50:47 GMT" time="26.324" errors="0">
  <testcase name="testHomePage" time="26.324" classname="testcases.VerifyHomepage"/>
</testsuite> <!-- testcases.VerifyHomepage -->
