<?xml version="1.0" encoding="UTF-8"?>
<!-- Generated by org.testng.reporters.JUnitReportReporter -->
<testsuite hostname="Valliani" name="testcases.VerifyLoginPage" tests="1" failures="0" timestamp="12 Jan 2018 00:38:30 GMT" time="23.740" errors="0">
  <testcase name="testHomePage" time="23.740" classname="testcases.VerifyLoginPage"/>
</testsuite> <!-- testcases.VerifyLoginPage -->
